# JRE version: OpenJDK Runtime Environment (8.0_76-b03) (build 1.8.0_76-release-b03)
# Java VM: OpenJDK 64-Bit Server VM (25.76-b03 mixed mode windows-amd64 compressed oops)
Heap:
 PSYoungGen      total 126464K, used 78362K [0x00000000e0000000, 0x00000000ea800000, 0x0000000100000000)
  eden space 107520K, 72% used [0x00000000e0000000,0x00000000e4c86b80,0x00000000e6900000)
  from space 18944K, 0% used [0x00000000e6900000,0x00000000e6900000,0x00000000e7b80000)
  to   space 18944K, 0% used [0x00000000e9580000,0x00000000e9580000,0x00000000ea800000)
 ParOldGen       total 58880K, used 38794K [0x00000000a0000000, 0x00000000a3980000, 0x00000000e0000000)
  object space 58880K, 65% used [0x00000000a0000000,0x00000000a25e2988,0x00000000a3980000)
 Metaspace       used 58917K, capacity 60312K, committed 60568K, reserved 1101824K
  class space    used 7661K, capacity 7970K, committed 8088K, reserved 1048576K
GC Heap History (10 events):
Event: 13.114 GC heap before
{Heap before GC invocations=16 (full 2):
 PSYoungGen      total 86016K, used 83718K [0x00000000e0000000, 0x00000000e7000000, 0x0000000100000000)
  eden space 76288K, 100% used [0x00000000e0000000,0x00000000e4a80000,0x00000000e4a80000)
  from space 9728K, 76% used [0x00000000e4a80000,0x00000000e51c19e0,0x00000000e5400000)
  to   space 10240K, 0% used [0x00000000e6600000,0x00000000e6600000,0x00000000e7000000)
 ParOldGen       total 58880K, used 15645K [0x00000000a0000000, 0x00000000a3980000, 0x00000000e0000000)
  object space 58880K, 26% used [0x00000000a0000000,0x00000000a0f47740,0x00000000a3980000)
 Metaspace       used 45256K, capacity 46460K, committed 46640K, reserved 1089536K
  class space    used 6091K, capacity 6368K, committed 6448K, reserved 1048576K
Event: 13.127 GC heap after
Heap after GC invocations=16 (full 2):
 PSYoungGen      total 101888K, used 10208K [0x00000000e0000000, 0x00000000e7480000, 0x0000000100000000)
  eden space 91648K, 0% used [0x00000000e0000000,0x00000000e0000000,0x00000000e5980000)
  from space 10240K, 99% used [0x00000000e6600000,0x00000000e6ff8020,0x00000000e7000000)
  to   space 12800K, 0% used [0x00000000e5980000,0x00000000e5980000,0x00000000e6600000)
 ParOldGen       total 58880K, used 18993K [0x00000000a0000000, 0x00000000a3980000, 0x00000000e0000000)
  object space 58880K, 32% used [0x00000000a0000000,0x00000000a128c778,0x00000000a3980000)
 Metaspace       used 45256K, capacity 46460K, committed 46640K, reserved 1089536K
  class space    used 6091K, capacity 6368K, committed 6448K, reserved 1048576K
}
Event: 17.559 GC heap before
{Heap before GC invocations=17 (full 2):
 PSYoungGen      total 101888K, used 101856K [0x00000000e0000000, 0x00000000e7480000, 0x0000000100000000)
  eden space 91648K, 100% used [0x00000000e0000000,0x00000000e5980000,0x00000000e5980000)
  from space 10240K, 99% used [0x00000000e6600000,0x00000000e6ff8020,0x00000000e7000000)
  to   space 12800K, 0% used [0x00000000e5980000,0x00000000e5980000,0x00000000e6600000)
 ParOldGen       total 58880K, used 18993K [0x00000000a0000000, 0x00000000a3980000, 0x00000000e0000000)
  object space 58880K, 32% used [0x00000000a0000000,0x00000000a128c778,0x00000000a3980000)
 Metaspace       used 49515K, capacity 50824K, committed 50992K, reserved 1093632K
  class space    used 6606K, capacity 6884K, committed 6960K, reserved 1048576K
Event: 17.574 GC heap after
Heap after GC invocations=17 (full 2):
 PSYoungGen      total 104448K, used 12784K [0x00000000e0000000, 0x00000000e8b00000, 0x0000000100000000)
  eden space 91648K, 0% used [0x00000000e0000000,0x00000000e0000000,0x00000000e5980000)
  from space 12800K, 99% used [0x00000000e5980000,0x00000000e65fc010,0x00000000e6600000)
  to   space 15872K, 0% used [0x00000000e7b80000,0x00000000e7b80000,0x00000000e8b00000)
 ParOldGen       total 58880K, used 22029K [0x00000000a0000000, 0x00000000a3980000, 0x00000000e0000000)
  object space 58880K, 37% used [0x00000000a0000000,0x00000000a15837b0,0x00000000a3980000)
 Metaspace       used 49515K, capacity 50824K, committed 50992K, reserved 1093632K
  class space    used 6606K, capacity 6884K, committed 6960K, reserved 1048576K
}
Event: 31.585 GC heap before
{Heap before GC invocations=18 (full 2):
 PSYoungGen      total 104448K, used 104432K [0x00000000e0000000, 0x00000000e8b00000, 0x0000000100000000)
  eden space 91648K, 100% used [0x00000000e0000000,0x00000000e5980000,0x00000000e5980000)
  from space 12800K, 99% used [0x00000000e5980000,0x00000000e65fc010,0x00000000e6600000)
  to   space 15872K, 0% used [0x00000000e7b80000,0x00000000e7b80000,0x00000000e8b00000)
 ParOldGen       total 58880K, used 22029K [0x00000000a0000000, 0x00000000a3980000, 0x00000000e0000000)
  object space 58880K, 37% used [0x00000000a0000000,0x00000000a15837b0,0x00000000a3980000)
 Metaspace       used 55528K, capacity 56904K, committed 57136K, reserved 1099776K
  class space    used 7341K, capacity 7644K, committed 7728K, reserved 1048576K
Event: 31.606 GC heap after
Heap after GC invocations=18 (full 2):
 PSYoungGen      total 123392K, used 15850K [0x00000000e0000000, 0x00000000e8e80000, 0x0000000100000000)
  eden space 107520K, 0% used [0x00000000e0000000,0x00000000e0000000,0x00000000e6900000)
  from space 15872K, 99% used [0x00000000e7b80000,0x00000000e8afab80,0x00000000e8b00000)
  to   space 18944K, 0% used [0x00000000e6900000,0x00000000e6900000,0x00000000e7b80000)
 ParOldGen       total 58880K, used 24865K [0x00000000a0000000, 0x00000000a3980000, 0x00000000e0000000)
  object space 58880K, 42% used [0x00000000a0000000,0x00000000a1848590,0x00000000a3980000)
 Metaspace       used 55528K, capacity 56904K, committed 57136K, reserved 1099776K
  class space    used 7341K, capacity 7644K, committed 7728K, reserved 1048576K
}
Event: 31.935 GC heap before
{Heap before GC invocations=19 (full 2):
 PSYoungGen      total 123392K, used 32711K [0x00000000e0000000, 0x00000000e8e80000, 0x0000000100000000)
  eden space 107520K, 15% used [0x00000000e0000000,0x00000000e10770e8,0x00000000e6900000)
  from space 15872K, 99% used [0x00000000e7b80000,0x00000000e8afab80,0x00000000e8b00000)
  to   space 18944K, 0% used [0x00000000e6900000,0x00000000e6900000,0x00000000e7b80000)
 ParOldGen       total 58880K, used 24865K [0x00000000a0000000, 0x00000000a3980000, 0x00000000e0000000)
  object space 58880K, 42% used [0x00000000a0000000,0x00000000a1848590,0x00000000a3980000)
 Metaspace       used 57621K, capacity 59004K, committed 59160K, reserved 1099776K
  class space    used 7560K, capacity 7874K, committed 7960K, reserved 1048576K
Event: 31.960 GC heap after
Heap after GC invocations=19 (full 2):
 PSYoungGen      total 126464K, used 11666K [0x00000000e0000000, 0x00000000ea800000, 0x0000000100000000)
  eden space 107520K, 0% used [0x00000000e0000000,0x00000000e0000000,0x00000000e6900000)
  from space 18944K, 61% used [0x00000000e6900000,0x00000000e7464b78,0x00000000e7b80000)
  to   space 18944K, 0% used [0x00000000e9580000,0x00000000e9580000,0x00000000ea800000)
 ParOldGen       total 58880K, used 34183K [0x00000000a0000000, 0x00000000a3980000, 0x00000000e0000000)
  object space 58880K, 58% used [0x00000000a0000000,0x00000000a2161e10,0x00000000a3980000)
 Metaspace       used 57621K, capacity 59004K, committed 59160K, reserved 1099776K
  class space    used 7560K, capacity 7874K, committed 7960K, reserved 1048576K
}
Event: 31.960 GC heap before
{Heap before GC invocations=20 (full 3):
 PSYoungGen      total 126464K, used 11666K [0x00000000e0000000, 0x00000000ea800000, 0x0000000100000000)
  eden space 107520K, 0% used [0x00000000e0000000,0x00000000e0000000,0x00000000e6900000)
  from space 18944K, 61% used [0x00000000e6900000,0x00000000e7464b78,0x00000000e7b80000)
  to   space 18944K, 0% used [0x00000000e9580000,0x00000000e9580000,0x00000000ea800000)
 ParOldGen       total 58880K, used 34183K [0x00000000a0000000, 0x00000000a3980000, 0x00000000e0000000)
  object space 58880K, 58% used [0x00000000a0000000,0x00000000a2161e10,0x00000000a3980000)
 Metaspace       used 57621K, capacity 59004K, committed 59160K, reserved 1099776K
  class space    used 7560K, capacity 7874K, committed 7960K, reserved 1048576K
Event: 32.266 GC heap after
Heap after GC invocations=20 (full 3):
 PSYoungGen      total 126464K, used 0K [0x00000000e0000000, 0x00000000ea800000, 0x0000000100000000)
  eden space 107520K, 0% used [0x00000000e0000000,0x00000000e0000000,0x00000000e6900000)
  from space 18944K, 0% used [0x00000000e6900000,0x00000000e6900000,0x00000000e7b80000)
  to   space 18944K, 0% used [0x00000000e9580000,0x00000000e9580000,0x00000000ea800000)
 ParOldGen       total 58880K, used 38794K [0x00000000a0000000, 0x00000000a3980000, 0x00000000e0000000)
  object space 58880K, 65% used [0x00000000a0000000,0x00000000a25e2988,0x00000000a3980000)
 Metaspace       used 57619K, capacity 58998K, committed 59160K, reserved 1099776K
  class space    used 7560K, capacity 7873K, committed 7960K, reserved 1048576K
}

