# JRE version: OpenJDK Runtime Environment (8.0_76-b03) (build 1.8.0_76-release-b03)
# Java VM: OpenJDK 64-Bit Server VM (25.76-b03 mixed mode windows-amd64 compressed oops)
Heap:
 PSYoungGen      total 220160K, used 78653K [0x00000000e0000000, 0x00000000f2500000, 0x0000000100000000)
  eden space 192512K, 37% used [0x00000000e0000000,0x00000000e45d3c30,0x00000000ebc00000)
  from space 27648K, 25% used [0x00000000ebc00000,0x00000000ec2fbac8,0x00000000ed700000)
  to   space 27136K, 0% used [0x00000000f0a80000,0x00000000f0a80000,0x00000000f2500000)
 ParOldGen       total 99840K, used 46877K [0x00000000a0000000, 0x00000000a6180000, 0x00000000e0000000)
  object space 99840K, 46% used [0x00000000a0000000,0x00000000a2dc7558,0x00000000a6180000)
 Metaspace       used 60509K, capacity 61960K, committed 62080K, reserved 1103872K
  class space    used 7866K, capacity 8238K, committed 8320K, reserved 1048576K
GC Heap History (10 events):
Event: 21.861 GC heap before
{Heap before GC invocations=16 (full 2):
 PSYoungGen      total 145920K, used 43459K [0x00000000e0000000, 0x00000000ec080000, 0x0000000100000000)
  eden space 130048K, 21% used [0x00000000e0000000,0x00000000e1af7dc0,0x00000000e7f00000)
  from space 15872K, 99% used [0x00000000e7f00000,0x00000000e8e78f38,0x00000000e8e80000)
  to   space 19968K, 0% used [0x00000000ead00000,0x00000000ead00000,0x00000000ec080000)
 ParOldGen       total 60416K, used 26030K [0x00000000a0000000, 0x00000000a3b00000, 0x00000000e0000000)
  object space 60416K, 43% used [0x00000000a0000000,0x00000000a196b958,0x00000000a3b00000)
 Metaspace       used 57641K, capacity 58960K, committed 59136K, reserved 1099776K
  class space    used 7513K, capacity 7838K, committed 7936K, reserved 1048576K
Event: 21.893 GC heap after
Heap after GC invocations=16 (full 2):
 PSYoungGen      total 173568K, used 19957K [0x00000000e0000000, 0x00000000ed480000, 0x0000000100000000)
  eden space 153600K, 0% used [0x00000000e0000000,0x00000000e0000000,0x00000000e9600000)
  from space 19968K, 99% used [0x00000000ead00000,0x00000000ec07d4d8,0x00000000ec080000)
  to   space 23552K, 0% used [0x00000000e9600000,0x00000000e9600000,0x00000000ead00000)
 ParOldGen       total 60416K, used 27242K [0x00000000a0000000, 0x00000000a3b00000, 0x00000000e0000000)
  object space 60416K, 45% used [0x00000000a0000000,0x00000000a1a9a890,0x00000000a3b00000)
 Metaspace       used 57641K, capacity 58960K, committed 59136K, reserved 1099776K
  class space    used 7513K, capacity 7838K, committed 7936K, reserved 1048576K
}
Event: 21.893 GC heap before
{Heap before GC invocations=17 (full 3):
 PSYoungGen      total 173568K, used 19957K [0x00000000e0000000, 0x00000000ed480000, 0x0000000100000000)
  eden space 153600K, 0% used [0x00000000e0000000,0x00000000e0000000,0x00000000e9600000)
  from space 19968K, 99% used [0x00000000ead00000,0x00000000ec07d4d8,0x00000000ec080000)
  to   space 23552K, 0% used [0x00000000e9600000,0x00000000e9600000,0x00000000ead00000)
 ParOldGen       total 60416K, used 27242K [0x00000000a0000000, 0x00000000a3b00000, 0x00000000e0000000)
  object space 60416K, 45% used [0x00000000a0000000,0x00000000a1a9a890,0x00000000a3b00000)
 Metaspace       used 57641K, capacity 58960K, committed 59136K, reserved 1099776K
  class space    used 7513K, capacity 7838K, committed 7936K, reserved 1048576K
Event: 22.216 GC heap after
Heap after GC invocations=17 (full 3):
 PSYoungGen      total 173568K, used 0K [0x00000000e0000000, 0x00000000ed480000, 0x0000000100000000)
  eden space 153600K, 0% used [0x00000000e0000000,0x00000000e0000000,0x00000000e9600000)
  from space 19968K, 0% used [0x00000000ead00000,0x00000000ead00000,0x00000000ec080000)
  to   space 23552K, 0% used [0x00000000e9600000,0x00000000e9600000,0x00000000ead00000)
 ParOldGen       total 99840K, used 41489K [0x00000000a0000000, 0x00000000a6180000, 0x00000000e0000000)
  object space 99840K, 41% used [0x00000000a0000000,0x00000000a28844f0,0x00000000a6180000)
 Metaspace       used 57639K, capacity 58954K, committed 59136K, reserved 1099776K
  class space    used 7512K, capacity 7837K, committed 7936K, reserved 1048576K
}
Event: 24.127 GC heap before
{Heap before GC invocations=18 (full 3):
 PSYoungGen      total 173568K, used 153600K [0x00000000e0000000, 0x00000000ed480000, 0x0000000100000000)
  eden space 153600K, 100% used [0x00000000e0000000,0x00000000e9600000,0x00000000e9600000)
  from space 19968K, 0% used [0x00000000ead00000,0x00000000ead00000,0x00000000ec080000)
  to   space 23552K, 0% used [0x00000000e9600000,0x00000000e9600000,0x00000000ead00000)
 ParOldGen       total 99840K, used 41489K [0x00000000a0000000, 0x00000000a6180000, 0x00000000e0000000)
  object space 99840K, 41% used [0x00000000a0000000,0x00000000a28844f0,0x00000000a6180000)
 Metaspace       used 58567K, capacity 59948K, committed 60160K, reserved 1101824K
  class space    used 7597K, capacity 7934K, committed 7936K, reserved 1048576K
Event: 24.141 GC heap after
Heap after GC invocations=18 (full 3):
 PSYoungGen      total 177152K, used 23532K [0x00000000e0000000, 0x00000000ef980000, 0x0000000100000000)
  eden space 153600K, 0% used [0x00000000e0000000,0x00000000e0000000,0x00000000e9600000)
  from space 23552K, 99% used [0x00000000e9600000,0x00000000eacfb338,0x00000000ead00000)
  to   space 29184K, 0% used [0x00000000edd00000,0x00000000edd00000,0x00000000ef980000)
 ParOldGen       total 99840K, used 46869K [0x00000000a0000000, 0x00000000a6180000, 0x00000000e0000000)
  object space 99840K, 46% used [0x00000000a0000000,0x00000000a2dc5558,0x00000000a6180000)
 Metaspace       used 58567K, capacity 59948K, committed 60160K, reserved 1101824K
  class space    used 7597K, capacity 7934K, committed 7936K, reserved 1048576K
}
Event: 25.974 GC heap before
{Heap before GC invocations=19 (full 3):
 PSYoungGen      total 177152K, used 176237K [0x00000000e0000000, 0x00000000ef980000, 0x0000000100000000)
  eden space 153600K, 99% used [0x00000000e0000000,0x00000000e95201e8,0x00000000e9600000)
  from space 23552K, 99% used [0x00000000e9600000,0x00000000eacfb338,0x00000000ead00000)
  to   space 29184K, 0% used [0x00000000edd00000,0x00000000edd00000,0x00000000ef980000)
 ParOldGen       total 99840K, used 46869K [0x00000000a0000000, 0x00000000a6180000, 0x00000000e0000000)
  object space 99840K, 46% used [0x00000000a0000000,0x00000000a2dc5558,0x00000000a6180000)
 Metaspace       used 60378K, capacity 61838K, committed 62080K, reserved 1103872K
  class space    used 7845K, capacity 8225K, committed 8320K, reserved 1048576K
Event: 25.983 GC heap after
Heap after GC invocations=19 (full 3):
 PSYoungGen      total 214016K, used 11991K [0x00000000e0000000, 0x00000000ef200000, 0x0000000100000000)
  eden space 192512K, 0% used [0x00000000e0000000,0x00000000e0000000,0x00000000ebc00000)
  from space 21504K, 55% used [0x00000000edd00000,0x00000000ee8b5e78,0x00000000ef200000)
  to   space 27648K, 0% used [0x00000000ebc00000,0x00000000ebc00000,0x00000000ed700000)
 ParOldGen       total 99840K, used 46877K [0x00000000a0000000, 0x00000000a6180000, 0x00000000e0000000)
  object space 99840K, 46% used [0x00000000a0000000,0x00000000a2dc7558,0x00000000a6180000)
 Metaspace       used 60378K, capacity 61838K, committed 62080K, reserved 1103872K
  class space    used 7845K, capacity 8225K, committed 8320K, reserved 1048576K
}
Event: 26.025 GC heap before
{Heap before GC invocations=20 (full 3):
 PSYoungGen      total 214016K, used 204311K [0x00000000e0000000, 0x00000000ef200000, 0x0000000100000000)
  eden space 192512K, 99% used [0x00000000e0000000,0x00000000ebbcfda0,0x00000000ebc00000)
  from space 21504K, 55% used [0x00000000edd00000,0x00000000ee8b5e78,0x00000000ef200000)
  to   space 27648K, 0% used [0x00000000ebc00000,0x00000000ebc00000,0x00000000ed700000)
 ParOldGen       total 99840K, used 46877K [0x00000000a0000000, 0x00000000a6180000, 0x00000000e0000000)
  object space 99840K, 46% used [0x00000000a0000000,0x00000000a2dc7558,0x00000000a6180000)
 Metaspace       used 60383K, capacity 61838K, committed 62080K, reserved 1103872K
  class space    used 7845K, capacity 8225K, committed 8320K, reserved 1048576K
Event: 26.033 GC heap after
Heap after GC invocations=20 (full 3):
 PSYoungGen      total 220160K, used 7150K [0x00000000e0000000, 0x00000000f2500000, 0x0000000100000000)
  eden space 192512K, 0% used [0x00000000e0000000,0x00000000e0000000,0x00000000ebc00000)
  from space 27648K, 25% used [0x00000000ebc00000,0x00000000ec2fbac8,0x00000000ed700000)
  to   space 27136K, 0% used [0x00000000f0a80000,0x00000000f0a80000,0x00000000f2500000)
 ParOldGen       total 99840K, used 46877K [0x00000000a0000000, 0x00000000a6180000, 0x00000000e0000000)
  object space 99840K, 46% used [0x00000000a0000000,0x00000000a2dc7558,0x00000000a6180000)
 Metaspace       used 60383K, capacity 61838K, committed 62080K, reserved 1103872K
  class space    used 7845K, capacity 8225K, committed 8320K, reserved 1048576K
}

