# JRE version: OpenJDK Runtime Environment (8.0_76-b03) (build 1.8.0_76-release-b03)
# Java VM: OpenJDK 64-Bit Server VM (25.76-b03 mixed mode windows-amd64 compressed oops)
Heap:
 PSYoungGen      total 252928K, used 7154K [0x00000000e0000000, 0x00000000f1380000, 0x0000000100000000)
  eden space 223744K, 0% used [0x00000000e0000000,0x00000000e01d4828,0x00000000eda80000)
  from space 29184K, 18% used [0x00000000eda80000,0x00000000edfa8020,0x00000000ef700000)
  to   space 29184K, 0% used [0x00000000ef700000,0x00000000ef700000,0x00000000f1380000)
 ParOldGen       total 119808K, used 35430K [0x00000000a0000000, 0x00000000a7500000, 0x00000000e0000000)
  object space 119808K, 29% used [0x00000000a0000000,0x00000000a22998a0,0x00000000a7500000)
 Metaspace       used 67772K, capacity 70278K, committed 70912K, reserved 1112064K
  class space    used 8575K, capacity 8983K, committed 9216K, reserved 1048576K
GC Heap History (10 events):
Event: 3595.212 GC heap before
{Heap before GC invocations=34 (full 6):
 PSYoungGen      total 199168K, used 174984K [0x00000000e0000000, 0x00000000efc00000, 0x0000000100000000)
  eden space 170496K, 99% used [0x00000000e0000000,0x00000000ea5bd6b0,0x00000000ea680000)
  from space 28672K, 18% used [0x00000000ea680000,0x00000000eaba4ae8,0x00000000ec280000)
  to   space 27648K, 0% used [0x00000000ee100000,0x00000000ee100000,0x00000000efc00000)
 ParOldGen       total 119808K, used 35094K [0x00000000a0000000, 0x00000000a7500000, 0x00000000e0000000)
  object space 119808K, 29% used [0x00000000a0000000,0x00000000a22459f8,0x00000000a7500000)
 Metaspace       used 67319K, capacity 69512K, committed 70656K, reserved 1110016K
  class space    used 8527K, capacity 8912K, committed 9216K, reserved 1048576K
Event: 3595.225 GC heap after
Heap after GC invocations=34 (full 6):
 PSYoungGen      total 215040K, used 19365K [0x00000000e0000000, 0x00000000ef680000, 0x0000000100000000)
  eden space 193024K, 0% used [0x00000000e0000000,0x00000000e0000000,0x00000000ebc80000)
  from space 22016K, 87% used [0x00000000ee100000,0x00000000ef3e96a0,0x00000000ef680000)
  to   space 29696K, 0% used [0x00000000ebc80000,0x00000000ebc80000,0x00000000ed980000)
 ParOldGen       total 119808K, used 35094K [0x00000000a0000000, 0x00000000a7500000, 0x00000000e0000000)
  object space 119808K, 29% used [0x00000000a0000000,0x00000000a22459f8,0x00000000a7500000)
 Metaspace       used 67319K, capacity 69512K, committed 70656K, reserved 1110016K
  class space    used 8527K, capacity 8912K, committed 9216K, reserved 1048576K
}
Event: 3595.837 GC heap before
{Heap before GC invocations=35 (full 6):
 PSYoungGen      total 215040K, used 211918K [0x00000000e0000000, 0x00000000ef680000, 0x0000000100000000)
  eden space 193024K, 99% used [0x00000000e0000000,0x00000000ebc0a4f0,0x00000000ebc80000)
  from space 22016K, 87% used [0x00000000ee100000,0x00000000ef3e96a0,0x00000000ef680000)
  to   space 29696K, 0% used [0x00000000ebc80000,0x00000000ebc80000,0x00000000ed980000)
 ParOldGen       total 119808K, used 35094K [0x00000000a0000000, 0x00000000a7500000, 0x00000000e0000000)
  object space 119808K, 29% used [0x00000000a0000000,0x00000000a22459f8,0x00000000a7500000)
 Metaspace       used 67376K, capacity 69640K, committed 70656K, reserved 1110016K
  class space    used 8527K, capacity 8912K, committed 9216K, reserved 1048576K
Event: 3595.858 GC heap after
Heap after GC invocations=35 (full 6):
 PSYoungGen      total 222720K, used 14662K [0x00000000e0000000, 0x00000000f1380000, 0x0000000100000000)
  eden space 193024K, 0% used [0x00000000e0000000,0x00000000e0000000,0x00000000ebc80000)
  from space 29696K, 49% used [0x00000000ebc80000,0x00000000ecad18c8,0x00000000ed980000)
  to   space 29184K, 0% used [0x00000000ef700000,0x00000000ef700000,0x00000000f1380000)
 ParOldGen       total 119808K, used 35102K [0x00000000a0000000, 0x00000000a7500000, 0x00000000e0000000)
  object space 119808K, 29% used [0x00000000a0000000,0x00000000a22479f8,0x00000000a7500000)
 Metaspace       used 67376K, capacity 69640K, committed 70656K, reserved 1110016K
  class space    used 8527K, capacity 8912K, committed 9216K, reserved 1048576K
}
Event: 3596.059 GC heap before
{Heap before GC invocations=36 (full 6):
 PSYoungGen      total 222720K, used 207049K [0x00000000e0000000, 0x00000000f1380000, 0x0000000100000000)
  eden space 193024K, 99% used [0x00000000e0000000,0x00000000ebbe0ca8,0x00000000ebc80000)
  from space 29696K, 49% used [0x00000000ebc80000,0x00000000ecad18c8,0x00000000ed980000)
  to   space 29184K, 0% used [0x00000000ef700000,0x00000000ef700000,0x00000000f1380000)
 ParOldGen       total 119808K, used 35102K [0x00000000a0000000, 0x00000000a7500000, 0x00000000e0000000)
  object space 119808K, 29% used [0x00000000a0000000,0x00000000a22479f8,0x00000000a7500000)
 Metaspace       used 67382K, capacity 69640K, committed 70656K, reserved 1110016K
  class space    used 8527K, capacity 8912K, committed 9216K, reserved 1048576K
Event: 3596.062 GC heap after
Heap after GC invocations=36 (full 6):
 PSYoungGen      total 252928K, used 1010K [0x00000000e0000000, 0x00000000f1380000, 0x0000000100000000)
  eden space 223744K, 0% used [0x00000000e0000000,0x00000000e0000000,0x00000000eda80000)
  from space 29184K, 3% used [0x00000000ef700000,0x00000000ef7fcae8,0x00000000f1380000)
  to   space 29184K, 0% used [0x00000000eda80000,0x00000000eda80000,0x00000000ef700000)
 ParOldGen       total 119808K, used 35110K [0x00000000a0000000, 0x00000000a7500000, 0x00000000e0000000)
  object space 119808K, 29% used [0x00000000a0000000,0x00000000a22499f8,0x00000000a7500000)
 Metaspace       used 67382K, capacity 69640K, committed 70656K, reserved 1110016K
  class space    used 8527K, capacity 8912K, committed 9216K, reserved 1048576K
}
Event: 3596.062 GC heap before
{Heap before GC invocations=37 (full 7):
 PSYoungGen      total 252928K, used 1010K [0x00000000e0000000, 0x00000000f1380000, 0x0000000100000000)
  eden space 223744K, 0% used [0x00000000e0000000,0x00000000e0000000,0x00000000eda80000)
  from space 29184K, 3% used [0x00000000ef700000,0x00000000ef7fcae8,0x00000000f1380000)
  to   space 29184K, 0% used [0x00000000eda80000,0x00000000eda80000,0x00000000ef700000)
 ParOldGen       total 119808K, used 35110K [0x00000000a0000000, 0x00000000a7500000, 0x00000000e0000000)
  object space 119808K, 29% used [0x00000000a0000000,0x00000000a22499f8,0x00000000a7500000)
 Metaspace       used 67382K, capacity 69640K, committed 70656K, reserved 1110016K
  class space    used 8527K, capacity 8912K, committed 9216K, reserved 1048576K
Event: 3596.375 GC heap after
Heap after GC invocations=37 (full 7):
 PSYoungGen      total 252928K, used 0K [0x00000000e0000000, 0x00000000f1380000, 0x0000000100000000)
  eden space 223744K, 0% used [0x00000000e0000000,0x00000000e0000000,0x00000000eda80000)
  from space 29184K, 0% used [0x00000000ef700000,0x00000000ef700000,0x00000000f1380000)
  to   space 29184K, 0% used [0x00000000eda80000,0x00000000eda80000,0x00000000ef700000)
 ParOldGen       total 119808K, used 35422K [0x00000000a0000000, 0x00000000a7500000, 0x00000000e0000000)
  object space 119808K, 29% used [0x00000000a0000000,0x00000000a22978a0,0x00000000a7500000)
 Metaspace       used 67382K, capacity 69640K, committed 70656K, reserved 1110016K
  class space    used 8527K, capacity 8912K, committed 9216K, reserved 1048576K
}
Event: 3803.375 GC heap before
{Heap before GC invocations=38 (full 7):
 PSYoungGen      total 252928K, used 223744K [0x00000000e0000000, 0x00000000f1380000, 0x0000000100000000)
  eden space 223744K, 100% used [0x00000000e0000000,0x00000000eda80000,0x00000000eda80000)
  from space 29184K, 0% used [0x00000000ef700000,0x00000000ef700000,0x00000000f1380000)
  to   space 29184K, 0% used [0x00000000eda80000,0x00000000eda80000,0x00000000ef700000)
 ParOldGen       total 119808K, used 35422K [0x00000000a0000000, 0x00000000a7500000, 0x00000000e0000000)
  object space 119808K, 29% used [0x00000000a0000000,0x00000000a22978a0,0x00000000a7500000)
 Metaspace       used 67751K, capacity 70278K, committed 70912K, reserved 1112064K
  class space    used 8575K, capacity 8983K, committed 9216K, reserved 1048576K
Event: 3803.641 GC heap after
Heap after GC invocations=38 (full 7):
 PSYoungGen      total 252928K, used 5280K [0x00000000e0000000, 0x00000000f1380000, 0x0000000100000000)
  eden space 223744K, 0% used [0x00000000e0000000,0x00000000e0000000,0x00000000eda80000)
  from space 29184K, 18% used [0x00000000eda80000,0x00000000edfa8020,0x00000000ef700000)
  to   space 29184K, 0% used [0x00000000ef700000,0x00000000ef700000,0x00000000f1380000)
 ParOldGen       total 119808K, used 35430K [0x00000000a0000000, 0x00000000a7500000, 0x00000000e0000000)
  object space 119808K, 29% used [0x00000000a0000000,0x00000000a22998a0,0x00000000a7500000)
 Metaspace       used 67751K, capacity 70278K, committed 70912K, reserved 1112064K
  class space    used 8575K, capacity 8983K, committed 9216K, reserved 1048576K
}

