# JRE version: OpenJDK Runtime Environment (8.0_76-b03) (build 1.8.0_76-release-b03)
# Java VM: OpenJDK 64-Bit Server VM (25.76-b03 mixed mode windows-amd64 compressed oops)
Heap:
 PSYoungGen      total 111616K, used 20656K [0x00000000e0000000, 0x00000000e9c00000, 0x0000000100000000)
  eden space 100864K, 9% used [0x00000000e0000000,0x00000000e09b0060,0x00000000e6280000)
  from space 10752K, 99% used [0x00000000e7200000,0x00000000e7c7bff0,0x00000000e7c80000)
  to   space 15872K, 0% used [0x00000000e6280000,0x00000000e6280000,0x00000000e7200000)
 ParOldGen       total 61440K, used 22281K [0x00000000a0000000, 0x00000000a3c00000, 0x00000000e0000000)
  object space 61440K, 36% used [0x00000000a0000000,0x00000000a15c27f8,0x00000000a3c00000)
 Metaspace       used 48495K, capacity 49766K, committed 49840K, reserved 1091584K
  class space    used 6501K, capacity 6785K, committed 6832K, reserved 1048576K
GC Heap History (10 events):
Event: 6.391 GC heap before
{Heap before GC invocations=10 (full 1):
 PSYoungGen      total 93696K, used 93101K [0x00000000e0000000, 0x00000000e6700000, 0x0000000100000000)
  eden space 88064K, 100% used [0x00000000e0000000,0x00000000e5600000,0x00000000e5600000)
  from space 5632K, 89% used [0x00000000e6180000,0x00000000e666b708,0x00000000e6700000)
  to   space 8704K, 0% used [0x00000000e5600000,0x00000000e5600000,0x00000000e5e80000)
 ParOldGen       total 40448K, used 8344K [0x00000000a0000000, 0x00000000a2780000, 0x00000000e0000000)
  object space 40448K, 20% used [0x00000000a0000000,0x00000000a0826158,0x00000000a2780000)
 Metaspace       used 32809K, capacity 33352K, committed 33840K, reserved 1079296K
  class space    used 4412K, capacity 4583K, committed 4656K, reserved 1048576K
Event: 6.409 GC heap after
Heap after GC invocations=10 (full 1):
 PSYoungGen      total 96768K, used 8695K [0x00000000e0000000, 0x00000000e7c80000, 0x0000000100000000)
  eden space 88064K, 0% used [0x00000000e0000000,0x00000000e0000000,0x00000000e5600000)
  from space 8704K, 99% used [0x00000000e5600000,0x00000000e5e7dc00,0x00000000e5e80000)
  to   space 10752K, 0% used [0x00000000e7200000,0x00000000e7200000,0x00000000e7c80000)
 ParOldGen       total 40448K, used 9702K [0x00000000a0000000, 0x00000000a2780000, 0x00000000e0000000)
  object space 40448K, 23% used [0x00000000a0000000,0x00000000a09798b0,0x00000000a2780000)
 Metaspace       used 32809K, capacity 33352K, committed 33840K, reserved 1079296K
  class space    used 4412K, capacity 4583K, committed 4656K, reserved 1048576K
}
Event: 6.707 GC heap before
{Heap before GC invocations=11 (full 1):
 PSYoungGen      total 96768K, used 28837K [0x00000000e0000000, 0x00000000e7c80000, 0x0000000100000000)
  eden space 88064K, 22% used [0x00000000e0000000,0x00000000e13abb68,0x00000000e5600000)
  from space 8704K, 99% used [0x00000000e5600000,0x00000000e5e7dc00,0x00000000e5e80000)
  to   space 10752K, 0% used [0x00000000e7200000,0x00000000e7200000,0x00000000e7c80000)
 ParOldGen       total 40448K, used 9702K [0x00000000a0000000, 0x00000000a2780000, 0x00000000e0000000)
  object space 40448K, 23% used [0x00000000a0000000,0x00000000a09798b0,0x00000000a2780000)
 Metaspace       used 34612K, capacity 35148K, committed 35496K, reserved 1079296K
  class space    used 4648K, capacity 4813K, committed 4912K, reserved 1048576K
Event: 6.718 GC heap after
Heap after GC invocations=11 (full 1):
 PSYoungGen      total 116224K, used 8797K [0x00000000e0000000, 0x00000000e8200000, 0x0000000100000000)
  eden space 105472K, 0% used [0x00000000e0000000,0x00000000e0000000,0x00000000e6700000)
  from space 10752K, 81% used [0x00000000e7200000,0x00000000e7a975f0,0x00000000e7c80000)
  to   space 11264K, 0% used [0x00000000e6700000,0x00000000e6700000,0x00000000e7200000)
 ParOldGen       total 40448K, used 9710K [0x00000000a0000000, 0x00000000a2780000, 0x00000000e0000000)
  object space 40448K, 24% used [0x00000000a0000000,0x00000000a097b8b0,0x00000000a2780000)
 Metaspace       used 34612K, capacity 35148K, committed 35496K, reserved 1079296K
  class space    used 4648K, capacity 4813K, committed 4912K, reserved 1048576K
}
Event: 6.718 GC heap before
{Heap before GC invocations=12 (full 2):
 PSYoungGen      total 116224K, used 8797K [0x00000000e0000000, 0x00000000e8200000, 0x0000000100000000)
  eden space 105472K, 0% used [0x00000000e0000000,0x00000000e0000000,0x00000000e6700000)
  from space 10752K, 81% used [0x00000000e7200000,0x00000000e7a975f0,0x00000000e7c80000)
  to   space 11264K, 0% used [0x00000000e6700000,0x00000000e6700000,0x00000000e7200000)
 ParOldGen       total 40448K, used 9710K [0x00000000a0000000, 0x00000000a2780000, 0x00000000e0000000)
  object space 40448K, 24% used [0x00000000a0000000,0x00000000a097b8b0,0x00000000a2780000)
 Metaspace       used 34612K, capacity 35148K, committed 35496K, reserved 1079296K
  class space    used 4648K, capacity 4813K, committed 4912K, reserved 1048576K
Event: 6.806 GC heap after
Heap after GC invocations=12 (full 2):
 PSYoungGen      total 116224K, used 0K [0x00000000e0000000, 0x00000000e8200000, 0x0000000100000000)
  eden space 105472K, 0% used [0x00000000e0000000,0x00000000e0000000,0x00000000e6700000)
  from space 10752K, 0% used [0x00000000e7200000,0x00000000e7200000,0x00000000e7c80000)
  to   space 11264K, 0% used [0x00000000e6700000,0x00000000e6700000,0x00000000e7200000)
 ParOldGen       total 61440K, used 15560K [0x00000000a0000000, 0x00000000a3c00000, 0x00000000e0000000)
  object space 61440K, 25% used [0x00000000a0000000,0x00000000a0f32148,0x00000000a3c00000)
 Metaspace       used 34612K, capacity 35148K, committed 35496K, reserved 1079296K
  class space    used 4648K, capacity 4813K, committed 4912K, reserved 1048576K
}
Event: 9.107 GC heap before
{Heap before GC invocations=13 (full 2):
 PSYoungGen      total 116224K, used 105472K [0x00000000e0000000, 0x00000000e8200000, 0x0000000100000000)
  eden space 105472K, 100% used [0x00000000e0000000,0x00000000e6700000,0x00000000e6700000)
  from space 10752K, 0% used [0x00000000e7200000,0x00000000e7200000,0x00000000e7c80000)
  to   space 11264K, 0% used [0x00000000e6700000,0x00000000e6700000,0x00000000e7200000)
 ParOldGen       total 61440K, used 15560K [0x00000000a0000000, 0x00000000a3c00000, 0x00000000e0000000)
  object space 61440K, 25% used [0x00000000a0000000,0x00000000a0f32148,0x00000000a3c00000)
 Metaspace       used 42911K, capacity 43788K, committed 44080K, reserved 1087488K
  class space    used 5734K, capacity 5922K, committed 5936K, reserved 1048576K
Event: 9.117 GC heap after
Heap after GC invocations=13 (full 2):
 PSYoungGen      total 116736K, used 9628K [0x00000000e0000000, 0x00000000e8200000, 0x0000000100000000)
  eden space 105472K, 0% used [0x00000000e0000000,0x00000000e0000000,0x00000000e6700000)
  from space 11264K, 85% used [0x00000000e6700000,0x00000000e7067250,0x00000000e7200000)
  to   space 10752K, 0% used [0x00000000e7200000,0x00000000e7200000,0x00000000e7c80000)
 ParOldGen       total 61440K, used 15632K [0x00000000a0000000, 0x00000000a3c00000, 0x00000000e0000000)
  object space 61440K, 25% used [0x00000000a0000000,0x00000000a0f44158,0x00000000a3c00000)
 Metaspace       used 42911K, capacity 43788K, committed 44080K, reserved 1087488K
  class space    used 5734K, capacity 5922K, committed 5936K, reserved 1048576K
}
Event: 12.461 GC heap before
{Heap before GC invocations=14 (full 2):
 PSYoungGen      total 116736K, used 115100K [0x00000000e0000000, 0x00000000e8200000, 0x0000000100000000)
  eden space 105472K, 100% used [0x00000000e0000000,0x00000000e6700000,0x00000000e6700000)
  from space 11264K, 85% used [0x00000000e6700000,0x00000000e7067250,0x00000000e7200000)
  to   space 10752K, 0% used [0x00000000e7200000,0x00000000e7200000,0x00000000e7c80000)
 ParOldGen       total 61440K, used 15632K [0x00000000a0000000, 0x00000000a3c00000, 0x00000000e0000000)
  object space 61440K, 25% used [0x00000000a0000000,0x00000000a0f44158,0x00000000a3c00000)
 Metaspace       used 48396K, capacity 49632K, committed 49840K, reserved 1091584K
  class space    used 6492K, capacity 6746K, committed 6832K, reserved 1048576K
Event: 12.477 GC heap after
Heap after GC invocations=14 (full 2):
 PSYoungGen      total 111616K, used 10735K [0x00000000e0000000, 0x00000000e9c00000, 0x0000000100000000)
  eden space 100864K, 0% used [0x00000000e0000000,0x00000000e0000000,0x00000000e6280000)
  from space 10752K, 99% used [0x00000000e7200000,0x00000000e7c7bff0,0x00000000e7c80000)
  to   space 15872K, 0% used [0x00000000e6280000,0x00000000e6280000,0x00000000e7200000)
 ParOldGen       total 61440K, used 22281K [0x00000000a0000000, 0x00000000a3c00000, 0x00000000e0000000)
  object space 61440K, 36% used [0x00000000a0000000,0x00000000a15c27f8,0x00000000a3c00000)
 Metaspace       used 48396K, capacity 49632K, committed 49840K, reserved 1091584K
  class space    used 6492K, capacity 6746K, committed 6832K, reserved 1048576K
}

